<?xml version='1.0' encoding='UTF-8'?>
<testsuite hostname="nixos" name="euismod.ArraySpec" tests="1" errors="0" failures="1" skipped="0" time="0.036" timestamp="2021-03-20T08:59:16">
                     <properties>
      <property name="jline.esc.timeout" value="0"/><property name="java.runtime.name" value="OpenJDK Runtime Environment"/><property name="sun.boot.library.path" value="/nix/store/3gr6id5i7bi0qhx29vilv1xcwkzjakcl-openjdk-8u272-b10/lib/openjdk/jre/lib/amd64"/><property name="java.vm.version" value="25.272-b10"/><property name="java.vm.vendor" value="Oracle Corporation"/><property name="java.vendor.url" value="http://java.oracle.com/"/><property name="path.separator" value=":"/><property name="jna.loaded" value="true"/><property name="java.vm.name" value="OpenJDK 64-Bit Server VM"/><property name="file.encoding.pkg" value="sun.io"/><property name="user.country" value="US"/><property name="sun.java.launcher" value="SUN_STANDARD"/><property name="sun.os.patch.level" value="unknown"/><property name="jna.nosys" value="true"/><property name="java.vm.specification.name" value="Java Virtual Machine Specification"/><property name="user.dir" value="/data/vap/euismod"/><property name="java.runtime.version" value="1.8.0_272-b10"/><property name="java.awt.graphicsenv" value="sun.awt.X11GraphicsEnvironment"/><property name="java.endorsed.dirs" value="/nix/store/3gr6id5i7bi0qhx29vilv1xcwkzjakcl-openjdk-8u272-b10/lib/openjdk/jre/lib/endorsed"/><property name="os.arch" value="amd64"/><property name="java.io.tmpdir" value="/tmp"/><property name="line.separator" value="
"/><property name="java.vm.specification.vendor" value="Oracle Corporation"/><property name="log4j.ignoreTCL" value="true"/><property name="os.name" value="Linux"/><property name="sun.jnu.encoding" value="UTF-8"/><property name="jnidispatch.path" value="/home/chris/.cache/JNA/temp/jna1813247702176540682.tmp"/><property name="java.library.path" value="/usr/java/packages/lib/amd64:/usr/lib64:/lib64:/lib:/usr/lib"/><property name="java.specification.name" value="Java Platform API Specification"/><property name="java.class.version" value="52.0"/><property name="sun.management.compiler" value="HotSpot 64-Bit Tiered Compilers"/><property name="os.version" value="5.4.92"/><property name="swoval.tmpdir" value="/home/chris/.sbt/1.0"/><property name="user.home" value="/home/chris"/><property name="user.timezone" value="Asia/Tokyo"/><property name="java.awt.printerjob" value="sun.print.PSPrinterJob"/><property name="file.encoding" value="UTF-8"/><property name="java.specification.version" value="1.8"/><property name="java.class.path" value="/nix/store/fgqqpijpnqvx7dczz2sbrrlzig9jx9yk-sbt-1.3.13/share/sbt/bin/sbt-launch.jar"/><property name="user.name" value="chris"/><property name="jline.shutdownhook" value="false"/><property name="java.vm.specification.version" value="1.8"/><property name="sun.java.command" value="/nix/store/fgqqpijpnqvx7dczz2sbrrlzig9jx9yk-sbt-1.3.13/share/sbt/bin/sbt-launch.jar"/><property name="java.home" value="/nix/store/3gr6id5i7bi0qhx29vilv1xcwkzjakcl-openjdk-8u272-b10/lib/openjdk/jre"/><property name="sun.arch.data.model" value="64"/><property name="user.language" value="en"/><property name="java.specification.vendor" value="Oracle Corporation"/><property name="awt.toolkit" value="sun.awt.X11.XToolkit"/><property name="java.vm.info" value="mixed mode"/><property name="java.version" value="1.8.0_272"/><property name="java.ext.dirs" value="/nix/store/3gr6id5i7bi0qhx29vilv1xcwkzjakcl-openjdk-8u272-b10/lib/openjdk/jre/lib/ext:/usr/java/packages/lib/ext"/><property name="sun.boot.class.path" value="/nix/store/3gr6id5i7bi0qhx29vilv1xcwkzjakcl-openjdk-8u272-b10/lib/openjdk/jre/lib/resources.jar:/nix/store/3gr6id5i7bi0qhx29vilv1xcwkzjakcl-openjdk-8u272-b10/lib/openjdk/jre/lib/rt.jar:/nix/store/3gr6id5i7bi0qhx29vilv1xcwkzjakcl-openjdk-8u272-b10/lib/openjdk/jre/lib/sunrsasign.jar:/nix/store/3gr6id5i7bi0qhx29vilv1xcwkzjakcl-openjdk-8u272-b10/lib/openjdk/jre/lib/jsse.jar:/nix/store/3gr6id5i7bi0qhx29vilv1xcwkzjakcl-openjdk-8u272-b10/lib/openjdk/jre/lib/jce.jar:/nix/store/3gr6id5i7bi0qhx29vilv1xcwkzjakcl-openjdk-8u272-b10/lib/openjdk/jre/lib/charsets.jar:/nix/store/3gr6id5i7bi0qhx29vilv1xcwkzjakcl-openjdk-8u272-b10/lib/openjdk/jre/lib/jfr.jar:/nix/store/3gr6id5i7bi0qhx29vilv1xcwkzjakcl-openjdk-8u272-b10/lib/openjdk/jre/classes"/><property name="java.vendor" value="Oracle Corporation"/><property name="file.separator" value="/"/><property name="java.vendor.url.bug" value="http://bugreport.sun.com/bugreport/"/><property name="sun.io.unicode.encoding" value="UnicodeLittle"/><property name="sun.cpu.endian" value="little"/><property name="sun.cpu.isalist" value=""/>
    </properties>
                     <testcase classname="euismod.ArraySpec" name="Feature: The README examples Scenario: Snippet 1" time="0.036">
                                                 <failure message="&quot;[2 :: HNil]
&quot; did not equal &quot;[(2, 3)]
&quot;" type="org.scalatest.exceptions.TestFailedException">org.scalatest.exceptions.TestFailedException: &quot;[2 :: HNil]
&quot; did not equal &quot;[(2, 3)]
&quot;
	at org.scalatest.Assertions.newAssertionFailedException(Assertions.scala:472)
	at org.scalatest.Assertions.newAssertionFailedException$(Assertions.scala:471)
	at org.scalatest.Assertions$.newAssertionFailedException(Assertions.scala:1231)
	at org.scalatest.Assertions$AssertionsHelper.macroAssert(Assertions.scala:1295)
	at euismod.ArraySpec.$anonfun$new$222(ArraySpec.scala:1476)
	at org.scalatest.OutcomeOf.outcomeOf(OutcomeOf.scala:85)
	at org.scalatest.OutcomeOf.outcomeOf$(OutcomeOf.scala:83)
	at org.scalatest.OutcomeOf$.outcomeOf(OutcomeOf.scala:104)
	at org.scalatest.Transformer.apply(Transformer.scala:22)
	at org.scalatest.Transformer.apply(Transformer.scala:20)
	at org.scalatest.featurespec.AnyFeatureSpecLike$$anon$1.apply(AnyFeatureSpecLike.scala:257)
	at org.scalatest.TestSuite.withFixture(TestSuite.scala:196)
	at org.scalatest.TestSuite.withFixture$(TestSuite.scala:195)
	at org.scalatest.featurespec.AnyFeatureSpec.withFixture(AnyFeatureSpec.scala:1826)
	at org.scalatest.featurespec.AnyFeatureSpecLike.invokeWithFixture$1(AnyFeatureSpecLike.scala:255)
	at org.scalatest.featurespec.AnyFeatureSpecLike.$anonfun$runTest$1(AnyFeatureSpecLike.scala:267)
	at org.scalatest.SuperEngine.runTestImpl(Engine.scala:306)
	at org.scalatest.featurespec.AnyFeatureSpecLike.runTest(AnyFeatureSpecLike.scala:267)
	at org.scalatest.featurespec.AnyFeatureSpecLike.runTest$(AnyFeatureSpecLike.scala:249)
	at org.scalatest.featurespec.AnyFeatureSpec.runTest(AnyFeatureSpec.scala:1826)
	at org.scalatest.featurespec.AnyFeatureSpecLike.$anonfun$runTests$1(AnyFeatureSpecLike.scala:326)
	at org.scalatest.SuperEngine.$anonfun$runTestsInBranch$1(Engine.scala:413)
	at scala.collection.immutable.List.foreach(List.scala:333)
	at org.scalatest.SuperEngine.traverseSubNodes$1(Engine.scala:401)
	at org.scalatest.SuperEngine.runTestsInBranch(Engine.scala:390)
	at org.scalatest.SuperEngine.$anonfun$runTestsInBranch$1(Engine.scala:427)
	at scala.collection.immutable.List.foreach(List.scala:333)
	at org.scalatest.SuperEngine.traverseSubNodes$1(Engine.scala:401)
	at org.scalatest.SuperEngine.runTestsInBranch(Engine.scala:396)
	at org.scalatest.SuperEngine.runTestsImpl(Engine.scala:475)
	at org.scalatest.featurespec.AnyFeatureSpecLike.runTests(AnyFeatureSpecLike.scala:326)
	at org.scalatest.featurespec.AnyFeatureSpecLike.runTests$(AnyFeatureSpecLike.scala:325)
	at org.scalatest.featurespec.AnyFeatureSpec.runTests(AnyFeatureSpec.scala:1826)
	at org.scalatest.Suite.run(Suite.scala:1112)
	at org.scalatest.Suite.run$(Suite.scala:1094)
	at org.scalatest.featurespec.AnyFeatureSpec.org$scalatest$featurespec$AnyFeatureSpecLike$$super$run(AnyFeatureSpec.scala:1826)
	at org.scalatest.featurespec.AnyFeatureSpecLike.$anonfun$run$1(AnyFeatureSpecLike.scala:367)
	at org.scalatest.SuperEngine.runImpl(Engine.scala:535)
	at org.scalatest.featurespec.AnyFeatureSpecLike.run(AnyFeatureSpecLike.scala:367)
	at org.scalatest.featurespec.AnyFeatureSpecLike.run$(AnyFeatureSpecLike.scala:366)
	at org.scalatest.featurespec.AnyFeatureSpec.run(AnyFeatureSpec.scala:1826)
	at org.scalatest.tools.Framework.org$scalatest$tools$Framework$$runSuite(Framework.scala:318)
	at org.scalatest.tools.Framework$ScalaTestTask.execute(Framework.scala:513)
	at sbt.TestRunner.runTest$1(TestFramework.scala:139)
	at sbt.TestRunner.run(TestFramework.scala:154)
	at sbt.TestFramework$$anon$3$$anonfun$$lessinit$greater$1.$anonfun$apply$1(TestFramework.scala:317)
	at sbt.TestFramework$.sbt$TestFramework$$withContextLoader(TestFramework.scala:277)
	at sbt.TestFramework$$anon$3$$anonfun$$lessinit$greater$1.apply(TestFramework.scala:317)
	at sbt.TestFramework$$anon$3$$anonfun$$lessinit$greater$1.apply(TestFramework.scala:317)
	at sbt.TestFunction.apply(TestFramework.scala:329)
	at sbt.Tests$.$anonfun$toTask$1(Tests.scala:311)
	at sbt.std.Transform$$anon$3.$anonfun$apply$2(Transform.scala:46)
	at sbt.std.Transform$$anon$4.work(Transform.scala:67)
	at sbt.Execute.$anonfun$submit$2(Execute.scala:281)
	at sbt.internal.util.ErrorHandling$.wideConvert(ErrorHandling.scala:19)
	at sbt.Execute.work(Execute.scala:290)
	at sbt.Execute.$anonfun$submit$1(Execute.scala:281)
	at sbt.ConcurrentRestrictions$$anon$4.$anonfun$submitValid$1(ConcurrentRestrictions.scala:178)
	at sbt.CompletionService$$anon$2.call(CompletionService.scala:37)
	at java.util.concurrent.FutureTask.run(FutureTask.java:266)
	at java.util.concurrent.Executors$RunnableAdapter.call(Executors.java:511)
	at java.util.concurrent.FutureTask.run(FutureTask.java:266)
	at java.util.concurrent.ThreadPoolExecutor.runWorker(ThreadPoolExecutor.java:1149)
	at java.util.concurrent.ThreadPoolExecutor$Worker.run(ThreadPoolExecutor.java:624)
	at java.lang.Thread.run(Thread.java:748)
</failure>
                                               </testcase>
                     <system-out><![CDATA[]]></system-out>
                     <system-err><![CDATA[]]></system-err>
                   </testsuite>